<?xml version="1.0" encoding="utf-8"?>
<TestRun id="dee2d562-a8a8-4f6d-b0f4-c65715582452" name="mark9@MARK-HP-LAPTOP 2025-12-19 06:26:13" runUser="MARK-HP-LAPTOP\mark9" xmlns="http://microsoft.com/schemas/VisualStudio/TeamTest/2010">
  <Times creation="2025-12-19T06:26:13.8814419-05:00" queuing="2025-12-19T06:26:13.8814419-05:00" start="2025-12-19T06:26:11.0490884-05:00" finish="2025-12-19T06:26:13.9005713-05:00" />
  <TestSettings name="default" id="848b5d96-8a92-4ab3-82ed-44afec483681">
    <Deployment runDeploymentRoot="mark9_MARK-HP-LAPTOP_2025-12-19_06_26_13" />
  </TestSettings>
  <Results>
    <UnitTestResult executionId="60e2f9c7-a43d-4dea-ad60-108944bd9117" testId="52f4d040-efc1-3b57-8c18-b759b14bc2a2" testName="GetCustomer(31)" computerName="MARK-HP-LAPTOP" duration="00:00:02.4104930" startTime="2025-12-19T06:26:11.4231237-05:00" endTime="2025-12-19T06:26:13.8335905-05:00" testType="13cdc9d9-ddb5-4fa4-a97d-d965ccfc6d4b" outcome="Passed" testListId="8c84fa94-04c1-424b-9868-57a2d4851a1d" relativeResultsDirectory="60e2f9c7-a43d-4dea-ad60-108944bd9117">
      <Output>
        <StdOut>Customer Id: 31, Name: Alice Johnson</StdOut>
      </Output>
    </UnitTestResult>
  </Results>
  <TestDefinitions>
    <UnitTest name="GetCustomer(31)" storage="c:\users\mark9\source\repos\hotelbookingtest\bin\debug\net8.0\hotelbookingtest.dll" id="52f4d040-efc1-3b57-8c18-b759b14bc2a2">
      <Execution id="60e2f9c7-a43d-4dea-ad60-108944bd9117" />
      <TestMethod codeBase="C:\Users\mark9\source\repos\HotelBookingTest\bin\Debug\net8.0\HotelBookingTest.dll" adapterTypeName="executor://nunit3testexecutor/" className="HotelBookingTest.HotelBookingTest" name="GetCustomer(31)" />
    </UnitTest>
  </TestDefinitions>
  <TestEntries>
    <TestEntry testId="52f4d040-efc1-3b57-8c18-b759b14bc2a2" executionId="60e2f9c7-a43d-4dea-ad60-108944bd9117" testListId="8c84fa94-04c1-424b-9868-57a2d4851a1d" />
  </TestEntries>
  <TestLists>
    <TestList name="Results Not in a List" id="8c84fa94-04c1-424b-9868-57a2d4851a1d" />
    <TestList name="All Loaded Results" id="19431567-8539-422a-85d7-44ee4e166bda" />
  </TestLists>
  <ResultSummary outcome="Completed">
    <Counters total="1" executed="1" passed="1" failed="0" error="0" timeout="0" aborted="0" inconclusive="0" passedButRunAborted="0" notRunnable="0" notExecuted="0" disconnected="0" warning="0" completed="0" inProgress="0" pending="0" />
    <Output>
      <StdOut>NUnit Adapter 6.0.0.0: Test execution started&#xD;
Running selected tests in C:\Users\mark9\source\repos\HotelBookingTest\bin\Debug\net8.0\HotelBookingTest.dll&#xD;
   NUnit3TestExecutor discovered 1 of 1 NUnit test cases using Current Discovery mode, Non-Explicit run&#xD;
Customer Id: 31, Name: Alice Johnson&#xD;
&#xD;
NUnit Adapter 6.0.0.0: Test execution complete&#xD;
</StdOut>
    </Output>
  </ResultSummary>
</TestRun>